SF:lib/settings.dart
DA:8,6
DA:15,2
DA:16,2
DA:18,12
DA:20,1
DA:21,3
DA:23,1
DA:26,2
DA:27,4
LF:9
LH:9
end_of_record
SF:lib/settings_cubit.dart
DA:6,3
DA:7,3
DA:14,2
DA:15,6
DA:17,1
DA:18,1
DA:20,3
DA:21,3
LF:8
LH:8
end_of_record
SF:lib/app.dart
DA:7,1
DA:9,1
DA:11,1
DA:13,1
DA:14,1
DA:15,4
LF:6
LH:6
end_of_record
SF:lib/settings_page.dart
DA:6,3
DA:8,2
DA:10,8
DA:12,2
DA:13,2
DA:16,2
DA:17,2
DA:19,2
DA:20,4
DA:21,2
DA:22,2
DA:23,2
DA:24,2
DA:26,2
DA:27,1
DA:28,2
DA:29,4
LF:17
LH:17
end_of_record
